[     275ms] [INFO] %cDownload the React DevTools for a better development experience: https://react.dev/link/react-devtools font-weight:bold @ http://localhost:52083/_next/static/chunks/node_modules_next_dist_f3530cac._.js:2297
[     378ms] [LOG] [HMR] connected @ http://localhost:52083/_next/static/chunks/node_modules_next_dist_f3530cac._.js:2297
[     472ms] [ERROR] Failed to load resource: the server responded with a status of 400 (Bad Request) @ http://localhost:52083/api/chat?document_path=:0
[     479ms] [ERROR] Failed to load resource: the server responded with a status of 400 (Bad Request) @ http://localhost:52083/api/chat?document_path=:0
[     485ms] [ERROR] Failed to load resource: the server responded with a status of 400 (Bad Request) @ http://localhost:52083/api/chat?document_path=:0
[   12990ms] [VERBOSE] [DOM] Password field is not contained in a form: (More info: https://goo.gl/9p2vKq) %o @ http://localhost:52083/:0
[   52572ms] [INFO] %cDownload the React DevTools for a better development experience: https://react.dev/link/react-devtools font-weight:bold @ http://localhost:52083/_next/static/chunks/node_modules_next_dist_f3530cac._.js:2297
[   52590ms] [LOG] [HMR] connected @ http://localhost:52083/_next/static/chunks/node_modules_next_dist_f3530cac._.js:2297
[   52660ms] [ERROR] Failed to load resource: the server responded with a status of 400 (Bad Request) @ http://localhost:52083/api/chat?document_path=:0
[   52671ms] [ERROR] Failed to load resource: the server responded with a status of 400 (Bad Request) @ http://localhost:52083/api/chat?document_path=:0
[   52676ms] [ERROR] Failed to load resource: the server responded with a status of 400 (Bad Request) @ http://localhost:52083/api/chat?document_path=:0
[   71421ms] [WARNING] [tiptap warn]: Duplicate extension names found: ['link', 'underline']. This can lead to issues. @ http://localhost:52083/_next/static/chunks/node_modules_next_dist_f3530cac._.js:2297
[   84141ms] [ERROR] Encountered two children with the same key, `%s`. Keys should be unique so that components maintain their identity across updates. Non-unique keys may cause children to be duplicated and/or omitted — the behavior is unsupported and could change in a future version. /tmp/komma-test-vault/notes.md @ http://localhost:52083/_next/static/chunks/node_modules_next_dist_f3530cac._.js:3127
[   84173ms] [ERROR] Encountered two children with the same key, `%s`. Keys should be unique so that components maintain their identity across updates. Non-unique keys may cause children to be duplicated and/or omitted — the behavior is unsupported and could change in a future version. /tmp/komma-test-vault/notes.md @ http://localhost:52083/_next/static/chunks/node_modules_next_dist_f3530cac._.js:3127
[   84200ms] [ERROR] Encountered two children with the same key, `%s`. Keys should be unique so that components maintain their identity across updates. Non-unique keys may cause children to be duplicated and/or omitted — the behavior is unsupported and could change in a future version. /tmp/komma-test-vault/notes.md @ http://localhost:52083/_next/static/chunks/node_modules_next_dist_f3530cac._.js:3127
[   84241ms] [ERROR] Encountered two children with the same key, `%s`. Keys should be unique so that components maintain their identity across updates. Non-unique keys may cause children to be duplicated and/or omitted — the behavior is unsupported and could change in a future version. /tmp/komma-test-vault/notes.md @ http://localhost:52083/_next/static/chunks/node_modules_next_dist_f3530cac._.js:3127
[   84256ms] [ERROR] Encountered two children with the same key, `%s`. Keys should be unique so that components maintain their identity across updates. Non-unique keys may cause children to be duplicated and/or omitted — the behavior is unsupported and could change in a future version. /tmp/komma-test-vault/notes.md @ http://localhost:52083/_next/static/chunks/node_modules_next_dist_f3530cac._.js:3127
[   84268ms] [ERROR] Encountered two children with the same key, `%s`. Keys should be unique so that components maintain their identity across updates. Non-unique keys may cause children to be duplicated and/or omitted — the behavior is unsupported and could change in a future version. /tmp/komma-test-vault/notes.md @ http://localhost:52083/_next/static/chunks/node_modules_next_dist_f3530cac._.js:3127
[   84278ms] [WARNING] [tiptap warn]: Duplicate extension names found: ['link', 'underline']. This can lead to issues. @ http://localhost:52083/_next/static/chunks/node_modules_next_dist_f3530cac._.js:2297
[   84290ms] [ERROR] Encountered two children with the same key, `%s`. Keys should be unique so that components maintain their identity across updates. Non-unique keys may cause children to be duplicated and/or omitted — the behavior is unsupported and could change in a future version. /tmp/komma-test-vault/notes.md @ http://localhost:52083/_next/static/chunks/node_modules_next_dist_f3530cac._.js:3127
[  121178ms] [LOG] [Fast Refresh] rebuilding @ http://localhost:52083/_next/static/chunks/node_modules_next_dist_f3530cac._.js:2297
[  121592ms] [ERROR] Encountered two children with the same key, `%s`. Keys should be unique so that components maintain their identity across updates. Non-unique keys may cause children to be duplicated and/or omitted — the behavior is unsupported and could change in a future version. /tmp/komma-test-vault/notes.md @ http://localhost:52083/_next/static/chunks/node_modules_next_dist_f3530cac._.js:3127
[  121626ms] [ERROR] Encountered two children with the same key, `%s`. Keys should be unique so that components maintain their identity across updates. Non-unique keys may cause children to be duplicated and/or omitted — the behavior is unsupported and could change in a future version. /tmp/komma-test-vault/notes.md @ http://localhost:52083/_next/static/chunks/node_modules_next_dist_f3530cac._.js:3127
[  121629ms] [LOG] [Fast Refresh] done in 495ms @ http://localhost:52083/_next/static/chunks/node_modules_next_dist_f3530cac._.js:2297
[  121682ms] [ERROR] Encountered two children with the same key, `%s`. Keys should be unique so that components maintain their identity across updates. Non-unique keys may cause children to be duplicated and/or omitted — the behavior is unsupported and could change in a future version. /tmp/komma-test-vault/notes.md @ http://localhost:52083/_next/static/chunks/node_modules_next_dist_f3530cac._.js:3127
[  121694ms] [ERROR] Encountered two children with the same key, `%s`. Keys should be unique so that components maintain their identity across updates. Non-unique keys may cause children to be duplicated and/or omitted — the behavior is unsupported and could change in a future version. /tmp/komma-test-vault/notes.md @ http://localhost:52083/_next/static/chunks/node_modules_next_dist_f3530cac._.js:3127
[  121702ms] [WARNING] [tiptap warn]: Duplicate extension names found: ['link', 'underline']. This can lead to issues. @ http://localhost:52083/_next/static/chunks/node_modules_next_dist_f3530cac._.js:2297
[  128010ms] [ERROR] WebSocket connection to 'ws://localhost:52083/_next/webpack-hmr?id=hqezP5lhuenHzOiJYWr7a' failed: Error in connection establishment: net::ERR_CONNECTION_REFUSED @ http://localhost:52083/_next/static/chunks/node_modules_next_dist_client_17643121._.js:10878
[  129014ms] [ERROR] WebSocket connection to 'ws://localhost:52083/_next/webpack-hmr?id=hqezP5lhuenHzOiJYWr7a' failed: Error in connection establishment: net::ERR_CONNECTION_REFUSED @ http://localhost:52083/_next/static/chunks/node_modules_next_dist_client_17643121._.js:10878
[  130017ms] [ERROR] WebSocket connection to 'ws://localhost:52083/_next/webpack-hmr?id=hqezP5lhuenHzOiJYWr7a' failed: Error in connection establishment: net::ERR_CONNECTION_REFUSED @ http://localhost:52083/_next/static/chunks/node_modules_next_dist_client_17643121._.js:10878
[  131021ms] [ERROR] WebSocket connection to 'ws://localhost:52083/_next/webpack-hmr?id=hqezP5lhuenHzOiJYWr7a' failed: Error in connection establishment: net::ERR_CONNECTION_REFUSED @ http://localhost:52083/_next/static/chunks/node_modules_next_dist_client_17643121._.js:10878
[  132023ms] [ERROR] WebSocket connection to 'ws://localhost:52083/_next/webpack-hmr?id=hqezP5lhuenHzOiJYWr7a' failed: Error in connection establishment: net::ERR_CONNECTION_REFUSED @ http://localhost:52083/_next/static/chunks/node_modules_next_dist_client_17643121._.js:10878
[  137027ms] [ERROR] WebSocket connection to 'ws://localhost:52083/_next/webpack-hmr?id=hqezP5lhuenHzOiJYWr7a' failed: Error in connection establishment: net::ERR_CONNECTION_REFUSED @ http://localhost:52083/_next/static/chunks/node_modules_next_dist_client_17643121._.js:10878
[  142029ms] [ERROR] WebSocket connection to 'ws://localhost:52083/_next/webpack-hmr?id=hqezP5lhuenHzOiJYWr7a' failed: Error in connection establishment: net::ERR_CONNECTION_REFUSED @ http://localhost:52083/_next/static/chunks/node_modules_next_dist_client_17643121._.js:10878
[  147032ms] [ERROR] WebSocket connection to 'ws://localhost:52083/_next/webpack-hmr?id=hqezP5lhuenHzOiJYWr7a' failed: Error in connection establishment: net::ERR_CONNECTION_REFUSED @ http://localhost:52083/_next/static/chunks/node_modules_next_dist_client_17643121._.js:10878
[  152035ms] [ERROR] WebSocket connection to 'ws://localhost:52083/_next/webpack-hmr?id=hqezP5lhuenHzOiJYWr7a' failed: Error in connection establishment: net::ERR_CONNECTION_REFUSED @ http://localhost:52083/_next/static/chunks/node_modules_next_dist_client_17643121._.js:10878
[  157038ms] [ERROR] WebSocket connection to 'ws://localhost:52083/_next/webpack-hmr?id=hqezP5lhuenHzOiJYWr7a' failed: Error in connection establishment: net::ERR_CONNECTION_REFUSED @ http://localhost:52083/_next/static/chunks/node_modules_next_dist_client_17643121._.js:10878
