[     262ms] [INFO] %cDownload the React DevTools for a better development experience: https://react.dev/link/react-devtools font-weight:bold @ http://localhost:54850/_next/static/chunks/node_modules_next_dist_f3530cac._.js:2297
[     350ms] [LOG] [HMR] connected @ http://localhost:54850/_next/static/chunks/node_modules_next_dist_f3530cac._.js:2297
[     445ms] [ERROR] Failed to load resource: the server responded with a status of 400 (Bad Request) @ http://localhost:54850/api/chat?document_path=:0
[     457ms] [ERROR] Failed to load resource: the server responded with a status of 400 (Bad Request) @ http://localhost:54850/api/chat?document_path=:0
[     475ms] [ERROR] Failed to load resource: the server responded with a status of 400 (Bad Request) @ http://localhost:54850/api/chat?document_path=:0
[   14238ms] [ERROR] Failed to load resource: the server responded with a status of 405 (Method Not Allowed) @ http://localhost:54850/api/last-document:0
[   14395ms] [INFO] %cDownload the React DevTools for a better development experience: https://react.dev/link/react-devtools font-weight:bold @ http://localhost:54850/_next/static/chunks/node_modules_next_dist_f3530cac._.js:2297
[   14406ms] [LOG] [HMR] connected @ http://localhost:54850/_next/static/chunks/node_modules_next_dist_f3530cac._.js:2297
[   14463ms] [ERROR] Failed to load resource: the server responded with a status of 400 (Bad Request) @ http://localhost:54850/api/chat?document_path=:0
[   14469ms] [ERROR] Failed to load resource: the server responded with a status of 400 (Bad Request) @ http://localhost:54850/api/chat?document_path=:0
[   14474ms] [ERROR] Failed to load resource: the server responded with a status of 400 (Bad Request) @ http://localhost:54850/api/chat?document_path=:0
[   17089ms] [WARNING] [tiptap warn]: Duplicate extension names found: ['link', 'underline']. This can lead to issues. @ http://localhost:54850/_next/static/chunks/node_modules_next_dist_f3530cac._.js:2297
[   34076ms] [WARNING] [tiptap warn]: Duplicate extension names found: ['link', 'underline']. This can lead to issues. @ http://localhost:54850/_next/static/chunks/node_modules_next_dist_f3530cac._.js:2297
[   36206ms] [WARNING] [tiptap warn]: Duplicate extension names found: ['link', 'underline']. This can lead to issues. @ http://localhost:54850/_next/static/chunks/node_modules_next_dist_f3530cac._.js:2297
[   78525ms] [LOG] [Fast Refresh] rebuilding @ http://localhost:54850/_next/static/chunks/node_modules_next_dist_f3530cac._.js:2297
[   78544ms] [ERROR] Failed to load resource: the server responded with a status of 500 (Internal Server Error) @ http://localhost:54850/api/file:0
[   78554ms] [LOG] [Fast Refresh] done in 129ms @ http://localhost:54850/_next/static/chunks/node_modules_next_dist_f3530cac._.js:2297
[  138324ms] [ERROR] Failed to load resource: the server responded with a status of 500 (Internal Server Error) @ http://localhost:54850/api/file:0
[  173545ms] [ERROR] WebSocket connection to 'ws://localhost:54850/_next/webpack-hmr?id=1zRWQEhNw6f_6cOBCD-AO' failed: Error in connection establishment: net::ERR_CONNECTION_REFUSED @ http://localhost:54850/_next/static/chunks/node_modules_next_dist_client_17643121._.js:10878
[  174547ms] [ERROR] WebSocket connection to 'ws://localhost:54850/_next/webpack-hmr?id=1zRWQEhNw6f_6cOBCD-AO' failed: Error in connection establishment: net::ERR_CONNECTION_REFUSED @ http://localhost:54850/_next/static/chunks/node_modules_next_dist_client_17643121._.js:10878
[  175550ms] [ERROR] WebSocket connection to 'ws://localhost:54850/_next/webpack-hmr?id=1zRWQEhNw6f_6cOBCD-AO' failed: Error in connection establishment: net::ERR_CONNECTION_REFUSED @ http://localhost:54850/_next/static/chunks/node_modules_next_dist_client_17643121._.js:10878
[  176553ms] [ERROR] WebSocket connection to 'ws://localhost:54850/_next/webpack-hmr?id=1zRWQEhNw6f_6cOBCD-AO' failed: Error in connection establishment: net::ERR_CONNECTION_REFUSED @ http://localhost:54850/_next/static/chunks/node_modules_next_dist_client_17643121._.js:10878
[  177559ms] [ERROR] WebSocket connection to 'ws://localhost:54850/_next/webpack-hmr?id=1zRWQEhNw6f_6cOBCD-AO' failed: Error in connection establishment: net::ERR_CONNECTION_REFUSED @ http://localhost:54850/_next/static/chunks/node_modules_next_dist_client_17643121._.js:10878
[  182565ms] [ERROR] WebSocket connection to 'ws://localhost:54850/_next/webpack-hmr?id=1zRWQEhNw6f_6cOBCD-AO' failed: Error in connection establishment: net::ERR_CONNECTION_REFUSED @ http://localhost:54850/_next/static/chunks/node_modules_next_dist_client_17643121._.js:10878
[  187579ms] [ERROR] WebSocket connection to 'ws://localhost:54850/_next/webpack-hmr?id=1zRWQEhNw6f_6cOBCD-AO' failed: Error in connection establishment: net::ERR_CONNECTION_REFUSED @ http://localhost:54850/_next/static/chunks/node_modules_next_dist_client_17643121._.js:10878
[  192598ms] [ERROR] WebSocket connection to 'ws://localhost:54850/_next/webpack-hmr?id=1zRWQEhNw6f_6cOBCD-AO' failed: Error in connection establishment: net::ERR_CONNECTION_REFUSED @ http://localhost:54850/_next/static/chunks/node_modules_next_dist_client_17643121._.js:10878
[  197637ms] [ERROR] WebSocket connection to 'ws://localhost:54850/_next/webpack-hmr?id=1zRWQEhNw6f_6cOBCD-AO' failed: Error in connection establishment: net::ERR_CONNECTION_REFUSED @ http://localhost:54850/_next/static/chunks/node_modules_next_dist_client_17643121._.js:10878
[  202670ms] [ERROR] WebSocket connection to 'ws://localhost:54850/_next/webpack-hmr?id=1zRWQEhNw6f_6cOBCD-AO' failed: Error in connection establishment: net::ERR_CONNECTION_REFUSED @ http://localhost:54850/_next/static/chunks/node_modules_next_dist_client_17643121._.js:10878
[  207828ms] [ERROR] WebSocket connection to 'ws://localhost:54850/_next/webpack-hmr?id=1zRWQEhNw6f_6cOBCD-AO' failed: Error in connection establishment: net::ERR_CONNECTION_REFUSED @ http://localhost:54850/_next/static/chunks/node_modules_next_dist_client_17643121._.js:10878
[  213078ms] [ERROR] WebSocket connection to 'ws://localhost:54850/_next/webpack-hmr?id=1zRWQEhNw6f_6cOBCD-AO' failed: Error in connection establishment: net::ERR_CONNECTION_REFUSED @ http://localhost:54850/_next/static/chunks/node_modules_next_dist_client_17643121._.js:10878
