[     224ms] [INFO] %cDownload the React DevTools for a better development experience: https://react.dev/link/react-devtools font-weight:bold @ http://localhost:52847/_next/static/chunks/node_modules_next_dist_f3530cac._.js:2297
[     323ms] [LOG] [HMR] connected @ http://localhost:52847/_next/static/chunks/node_modules_next_dist_f3530cac._.js:2297
[     381ms] [ERROR] Failed to load resource: the server responded with a status of 400 (Bad Request) @ http://localhost:52847/api/chat?document_path=:0
[     387ms] [ERROR] Failed to load resource: the server responded with a status of 400 (Bad Request) @ http://localhost:52847/api/chat?document_path=:0
[     403ms] [ERROR] Failed to load resource: the server responded with a status of 400 (Bad Request) @ http://localhost:52847/api/chat?document_path=:0
[   10397ms] [WARNING] [tiptap warn]: Duplicate extension names found: ['link', 'underline']. This can lead to issues. @ http://localhost:52847/_next/static/chunks/node_modules_next_dist_f3530cac._.js:2297
[   11697ms] [ERROR] Failed to load resource: the server responded with a status of 403 (Forbidden) @ http://localhost:52847/api/file:0
[  102523ms] [ERROR] Failed to load resource: the server responded with a status of 403 (Forbidden) @ http://localhost:52847/api/file:0
[  328618ms] [WARNING] [tiptap warn]: Duplicate extension names found: ['link', 'underline']. This can lead to issues. @ http://localhost:52847/_next/static/chunks/node_modules_next_dist_f3530cac._.js:2297
[  434362ms] [LOG] [Fast Refresh] rebuilding @ http://localhost:52847/_next/static/chunks/node_modules_next_dist_f3530cac._.js:2297
[  434464ms] [LOG] [Fast Refresh] done in 155ms @ http://localhost:52847/_next/static/chunks/node_modules_next_dist_f3530cac._.js:2297
[  434511ms] [WARNING] [tiptap warn]: Duplicate extension names found: ['link', 'underline']. This can lead to issues. @ http://localhost:52847/_next/static/chunks/node_modules_next_dist_f3530cac._.js:2297
[  475880ms] [LOG] [Fast Refresh] rebuilding @ http://localhost:52847/_next/static/chunks/node_modules_next_dist_f3530cac._.js:2297
[  475900ms] [LOG] [Fast Refresh] done in 53ms @ http://localhost:52847/_next/static/chunks/node_modules_next_dist_f3530cac._.js:2297
[  482811ms] [ERROR] WebSocket connection to 'ws://localhost:52847/_next/webpack-hmr?id=IBJVlZzGB7Zi9PtWeybCv' failed: Error in connection establishment: net::ERR_CONNECTION_REFUSED @ http://localhost:52847/_next/static/chunks/node_modules_next_dist_client_17643121._.js:10878
[  483814ms] [ERROR] WebSocket connection to 'ws://localhost:52847/_next/webpack-hmr?id=IBJVlZzGB7Zi9PtWeybCv' failed: Error in connection establishment: net::ERR_CONNECTION_REFUSED @ http://localhost:52847/_next/static/chunks/node_modules_next_dist_client_17643121._.js:10878
[  484817ms] [ERROR] WebSocket connection to 'ws://localhost:52847/_next/webpack-hmr?id=IBJVlZzGB7Zi9PtWeybCv' failed: Error in connection establishment: net::ERR_CONNECTION_REFUSED @ http://localhost:52847/_next/static/chunks/node_modules_next_dist_client_17643121._.js:10878
[  485819ms] [ERROR] WebSocket connection to 'ws://localhost:52847/_next/webpack-hmr?id=IBJVlZzGB7Zi9PtWeybCv' failed: Error in connection establishment: net::ERR_CONNECTION_REFUSED @ http://localhost:52847/_next/static/chunks/node_modules_next_dist_client_17643121._.js:10878
[  486821ms] [ERROR] WebSocket connection to 'ws://localhost:52847/_next/webpack-hmr?id=IBJVlZzGB7Zi9PtWeybCv' failed: Error in connection establishment: net::ERR_CONNECTION_REFUSED @ http://localhost:52847/_next/static/chunks/node_modules_next_dist_client_17643121._.js:10878
[  491825ms] [ERROR] WebSocket connection to 'ws://localhost:52847/_next/webpack-hmr?id=IBJVlZzGB7Zi9PtWeybCv' failed: Error in connection establishment: net::ERR_CONNECTION_REFUSED @ http://localhost:52847/_next/static/chunks/node_modules_next_dist_client_17643121._.js:10878
[  496839ms] [ERROR] WebSocket connection to 'ws://localhost:52847/_next/webpack-hmr?id=IBJVlZzGB7Zi9PtWeybCv' failed: Error in connection establishment: net::ERR_CONNECTION_REFUSED @ http://localhost:52847/_next/static/chunks/node_modules_next_dist_client_17643121._.js:10878
