[     195ms] [INFO] %cDownload the React DevTools for a better development experience: https://react.dev/link/react-devtools font-weight:bold @ http://localhost:52269/_next/static/chunks/node_modules_next_dist_f3530cac._.js:2297
[     275ms] [LOG] [HMR] connected @ http://localhost:52269/_next/static/chunks/node_modules_next_dist_f3530cac._.js:2297
[     343ms] [ERROR] Failed to load resource: the server responded with a status of 400 (Bad Request) @ http://localhost:52269/api/chat?document_path=:0
[     349ms] [ERROR] Failed to load resource: the server responded with a status of 400 (Bad Request) @ http://localhost:52269/api/chat?document_path=:0
[     355ms] [ERROR] Failed to load resource: the server responded with a status of 400 (Bad Request) @ http://localhost:52269/api/chat?document_path=:0
[   11618ms] [WARNING] [tiptap warn]: Duplicate extension names found: ['link', 'underline']. This can lead to issues. @ http://localhost:52269/_next/static/chunks/node_modules_next_dist_f3530cac._.js:2297
[   26042ms] [WARNING] [tiptap warn]: Duplicate extension names found: ['link', 'underline']. This can lead to issues. @ http://localhost:52269/_next/static/chunks/node_modules_next_dist_f3530cac._.js:2297
[   48495ms] [WARNING] [tiptap warn]: Duplicate extension names found: ['link', 'underline']. This can lead to issues. @ http://localhost:52269/_next/static/chunks/node_modules_next_dist_f3530cac._.js:2297
[  101731ms] [LOG] [Fast Refresh] rebuilding @ http://localhost:52269/_next/static/chunks/node_modules_next_dist_f3530cac._.js:2297
[  101752ms] [LOG] [Fast Refresh] done in 59ms @ http://localhost:52269/_next/static/chunks/node_modules_next_dist_f3530cac._.js:2297
[  107876ms] [ERROR] WebSocket connection to 'ws://localhost:52269/_next/webpack-hmr?id=NealkyzU0TLTm_7nQC4lr' failed: Error in connection establishment: net::ERR_CONNECTION_REFUSED @ http://localhost:52269/_next/static/chunks/node_modules_next_dist_client_17643121._.js:10878
[  108882ms] [ERROR] WebSocket connection to 'ws://localhost:52269/_next/webpack-hmr?id=NealkyzU0TLTm_7nQC4lr' failed: Error in connection establishment: net::ERR_CONNECTION_REFUSED @ http://localhost:52269/_next/static/chunks/node_modules_next_dist_client_17643121._.js:10878
[  109894ms] [ERROR] WebSocket connection to 'ws://localhost:52269/_next/webpack-hmr?id=NealkyzU0TLTm_7nQC4lr' failed: Error in connection establishment: net::ERR_CONNECTION_REFUSED @ http://localhost:52269/_next/static/chunks/node_modules_next_dist_client_17643121._.js:10878
[  110909ms] [ERROR] WebSocket connection to 'ws://localhost:52269/_next/webpack-hmr?id=NealkyzU0TLTm_7nQC4lr' failed: Error in connection establishment: net::ERR_CONNECTION_REFUSED @ http://localhost:52269/_next/static/chunks/node_modules_next_dist_client_17643121._.js:10878
[  111916ms] [ERROR] WebSocket connection to 'ws://localhost:52269/_next/webpack-hmr?id=NealkyzU0TLTm_7nQC4lr' failed: Error in connection establishment: net::ERR_CONNECTION_REFUSED @ http://localhost:52269/_next/static/chunks/node_modules_next_dist_client_17643121._.js:10878
[  116941ms] [ERROR] WebSocket connection to 'ws://localhost:52269/_next/webpack-hmr?id=NealkyzU0TLTm_7nQC4lr' failed: Error in connection establishment: net::ERR_CONNECTION_REFUSED @ http://localhost:52269/_next/static/chunks/node_modules_next_dist_client_17643121._.js:10878
[  121985ms] [ERROR] WebSocket connection to 'ws://localhost:52269/_next/webpack-hmr?id=NealkyzU0TLTm_7nQC4lr' failed: Error in connection establishment: net::ERR_CONNECTION_REFUSED @ http://localhost:52269/_next/static/chunks/node_modules_next_dist_client_17643121._.js:10878
[  127018ms] [ERROR] WebSocket connection to 'ws://localhost:52269/_next/webpack-hmr?id=NealkyzU0TLTm_7nQC4lr' failed: Error in connection establishment: net::ERR_CONNECTION_REFUSED @ http://localhost:52269/_next/static/chunks/node_modules_next_dist_client_17643121._.js:10878
[  132067ms] [ERROR] WebSocket connection to 'ws://localhost:52269/_next/webpack-hmr?id=NealkyzU0TLTm_7nQC4lr' failed: Error in connection establishment: net::ERR_CONNECTION_REFUSED @ http://localhost:52269/_next/static/chunks/node_modules_next_dist_client_17643121._.js:10878
[  137103ms] [ERROR] WebSocket connection to 'ws://localhost:52269/_next/webpack-hmr?id=NealkyzU0TLTm_7nQC4lr' failed: Error in connection establishment: net::ERR_CONNECTION_REFUSED @ http://localhost:52269/_next/static/chunks/node_modules_next_dist_client_17643121._.js:10878
[  142177ms] [ERROR] WebSocket connection to 'ws://localhost:52269/_next/webpack-hmr?id=NealkyzU0TLTm_7nQC4lr' failed: Error in connection establishment: net::ERR_CONNECTION_REFUSED @ http://localhost:52269/_next/static/chunks/node_modules_next_dist_client_17643121._.js:10878
[  147302ms] [ERROR] WebSocket connection to 'ws://localhost:52269/_next/webpack-hmr?id=NealkyzU0TLTm_7nQC4lr' failed: Error in connection establishment: net::ERR_CONNECTION_REFUSED @ http://localhost:52269/_next/static/chunks/node_modules_next_dist_client_17643121._.js:10878
